  59
 Etot=         -87.1567450116
 C         -8.8529655663        1.7227177828       -0.1548136970
 C        -10.2468764334        1.7147368166       -0.0823789084
 C        -10.9319463148        0.5038929596        0.0170062607
 C         -8.1391378564        0.5182872483       -0.1371193996
 C         -8.8310484840       -0.6950687289       -0.0203591494
 C        -10.2263207618       -0.6985843176        0.0525305724
 H        -12.0175024789        0.4992681834        0.0780343358
 H        -10.7643202089       -1.6389747070        0.1487205426
 H         -8.3228515964        2.6707872189       -0.2246815950
 H        -10.7972264097        2.6524492783       -0.0988483590
 C         -6.6534528274        0.5775468350       -0.2096335077
 H         -8.3021987488       -1.6406374144        0.0462502991
 N         -6.0198864761       -0.5049827494       -0.7845590486
 C         -4.5742179275       -0.5557343875       -0.9037551845
 C         -3.9039640451       -0.9449279350        0.4159702096
 H         -4.2186975447        0.4215741539       -1.2489540725
 H         -4.3424030724       -1.2880583481       -1.6847529371
 C         -2.4021907463       -0.9986352447        0.2892560286
 H         -4.2822404571       -1.9187305010        0.7531771471
 H         -4.1734743589       -0.2380229934        1.2105667074
 H         -6.5624306368       -1.2425284278       -1.2114468629
 O         -6.0547835896        1.5635865996        0.2079987783
 C         -1.6416835088        0.1694916671        0.4260561001
 C         -0.2484679246        0.1326620222        0.3077898190
 C          0.4011865185       -1.0745443566        0.0507823026
 C         -0.3570902472       -2.2363970245       -0.1057575476
 C         -1.7484817931       -2.2028316871        0.0126398092
 H         -2.1325161525        1.1199060297        0.6300778032
 H          0.2958796029        1.0647434796        0.4198608953
 O          1.7522164810       -1.2489587963       -0.0764169261
 H          0.1429085738       -3.1800160287       -0.3138785552
 H         -2.3129204117       -3.1252938023       -0.1066987504
 C          2.5812182124       -0.1353096763        0.2681346184
 C          4.0344563532       -0.6100011788        0.2200629695
 H          2.3370826480        0.2090738080        1.2788961343
 H          2.4259117158        0.6737166376       -0.4551449372
 C          5.0542012148        0.4932533981        0.5428427024
 H          4.2247643943       -1.0126836791       -0.7840035887
 H          4.1531419726       -1.4599823718        0.9060248454
 C          6.4642695640       -0.0394852306        0.4891230250
 C          4.8403986646        1.0930962604        1.9241489719
 O          4.9103572745        1.5502222852       -0.4058588801
 C          7.5070779061        0.5292337360       -0.1414192010
 C          8.8475082904       -0.1185120252       -0.0989832060
 C         10.0306231980        0.6722795821       -0.5770268748
 C         11.2144645105       -0.1576253725       -0.9847062994
 H         11.5934908077       -0.7342280066       -0.1345619185
 H         12.0387468563        0.4610849164       -1.3574826303
 H         10.9371010942       -0.8523124334       -1.7838686250
 C         10.0643875767        2.0149374801       -0.5979250977
 H          9.2446129768        2.6383744807       -0.2592631547
 H         10.9532626055        2.5431813708       -0.9335447858
 O          8.9831472325       -1.2803713752        0.2742605858
 H          6.6347302889       -0.9645103736        1.0422890273
 H          7.3978547372        1.4578996090       -0.6855460206
 H          4.9911277168        1.1542121631       -1.2910515816
 H          4.7121722243        0.3403055593        2.7065185395
 H          4.0299162880        1.8259581589        1.9595291213
 H          5.4993583856        1.1821732973        0.3510655769
